/*C12*/SET SCHEMA PUBLIC
alter table todo_item drop constraint FK8lme8ctm4ksjby7ixlpid31vi
drop table todo_item if exists
drop table user if exists
create table todo_item (id bigint generated by default as identity (start with 1), status boolean not null, todo varchar(255), user_id bigint, primary key (id))
create table user (id bigint generated by default as identity (start with 1), name varchar(255), primary key (id))
alter table todo_item add constraint FK8lme8ctm4ksjby7ixlpid31vi foreign key (user_id) references user
INSERT INTO USER VALUES(1,'Alfie')
INSERT INTO TODO_ITEM VALUES(1,FALSE,'eat',NULL)
INSERT INTO TODO_ITEM VALUES(2,FALSE,'joke',NULL)
INSERT INTO TODO_ITEM VALUES(3,TRUE,'extraterrest',NULL)
COMMIT
INSERT INTO USER VALUES(2,'Mario')
INSERT INTO TODO_ITEM VALUES(4,FALSE,'jump',NULL)
INSERT INTO TODO_ITEM VALUES(5,FALSE,'grow',NULL)
INSERT INTO TODO_ITEM VALUES(6,TRUE,'hurl fire',NULL)
COMMIT
INSERT INTO USER VALUES(3,'Kid')
INSERT INTO TODO_ITEM VALUES(7,TRUE,'shoot',NULL)
INSERT INTO TODO_ITEM VALUES(8,TRUE,'stab',NULL)
INSERT INTO TODO_ITEM VALUES(9,FALSE,'smash',NULL)
COMMIT
